<?xml version="1.0" encoding="UTF-8"?>
<!-- Generated by org.testng.reporters.JUnitXMLReporter -->
<testsuite hostname="DESKTOP-J00HP0F" failures="0" tests="6" name="Nopackage" time="204.178" errors="0" timestamp="13 Sep 2023 20:54:08 GMT">
  <testcase classname="com.hrms.testscripts.TC001LoginPage" name="tc001" time="14.319"/>
  <testcase classname="com.hrms.testscripts.TC002AddAdress" name="tc002" time="24.715"/>
  <testcase classname="com.hrms.testscripts.TC003EmployeeList" name="tc003" time="27.878"/>
  <testcase classname="com.hrms.testscripts.TC004Leave" name="Leav" time="28.399"/>
  <testcase classname="com.hrms.testscripts.TC005Benifts" name="benifts" time="66.512"/>
  <testcase classname="com.hrms.testscripts.TC006Admin" name="Admin" time="42.321"/>
</testsuite> <!-- Nopackage -->
