<?xml version="1.0" encoding="UTF-8"?>
<!-- Generated by org.testng.reporters.JUnitXMLReporter -->
<testsuite hostname="DESKTOP-J00HP0F" failures="0" tests="3" name="Regression1" time="47.29" errors="0" timestamp="9 Sep 2023 12:09:21 GMT">
  <testcase classname="com.hrms.testscripts.TC001LoginPage" name="tc001" time="13.016"/>
  <testcase classname="com.hrms.testscripts.TC002AddAdress" name="tc002" time="19.745"/>
  <testcase classname="com.hrms.testscripts.TC003EmployeeList" name="tc003" time="14.503"/>
</testsuite> <!-- Regression1 -->
