<?xml version="1.0" encoding="UTF-8"?>
<testng-results total="6" passed="6" failed="0" skipped="0">
  <reporter-output>
  </reporter-output>
  <suite started-at="2023-09-13T20:50:44Z" name="Suite1" finished-at="2023-09-13T20:54:08Z" duration-ms="204178">
    <groups>
    </groups>
    <test started-at="2023-09-13T20:50:44Z" name="Nopackage" finished-at="2023-09-13T20:54:08Z" duration-ms="204178">
      <class name="com.hrms.testscripts.TC004Leave">
        <test-method signature="Leav()[pri:0, instance:com.hrms.testscripts.TC004Leave@132e0cc]" started-at="2023-09-14T02:21:51Z" name="Leav" finished-at="2023-09-14T02:22:19Z" duration-ms="28399" status="PASS">
          <reporter-output>
          </reporter-output>
        </test-method> <!-- Leav -->
      </class> <!-- com.hrms.testscripts.TC004Leave -->
      <class name="com.hrms.testscripts.TC003EmployeeList">
        <test-method signature="tc003()[pri:0, instance:com.hrms.testscripts.TC003EmployeeList@492691d7]" started-at="2023-09-14T02:21:23Z" name="tc003" finished-at="2023-09-14T02:21:50Z" duration-ms="27878" status="PASS">
          <reporter-output>
          </reporter-output>
        </test-method> <!-- tc003 -->
      </class> <!-- com.hrms.testscripts.TC003EmployeeList -->
      <class name="com.hrms.testscripts.TC001LoginPage">
        <test-method signature="tc001()[pri:0, instance:com.hrms.testscripts.TC001LoginPage@3d9c13b5]" started-at="2023-09-14T02:20:44Z" name="tc001" finished-at="2023-09-14T02:20:58Z" duration-ms="14319" status="PASS">
          <reporter-output>
          </reporter-output>
        </test-method> <!-- tc001 -->
      </class> <!-- com.hrms.testscripts.TC001LoginPage -->
      <class name="com.hrms.testscripts.TC006Admin">
        <test-method signature="Admin()[pri:0, instance:com.hrms.testscripts.TC006Admin@78d6692f]" started-at="2023-09-14T02:23:25Z" name="Admin" finished-at="2023-09-14T02:24:08Z" duration-ms="42321" status="PASS">
          <reporter-output>
          </reporter-output>
        </test-method> <!-- Admin -->
      </class> <!-- com.hrms.testscripts.TC006Admin -->
      <class name="com.hrms.testscripts.TC002AddAdress">
        <test-method signature="tc002()[pri:0, instance:com.hrms.testscripts.TC002AddAdress@7a55af6b]" started-at="2023-09-14T02:20:58Z" name="tc002" finished-at="2023-09-14T02:21:23Z" duration-ms="24715" status="PASS">
          <reporter-output>
          </reporter-output>
        </test-method> <!-- tc002 -->
      </class> <!-- com.hrms.testscripts.TC002AddAdress -->
      <class name="com.hrms.testscripts.TC005Benifts">
        <test-method signature="benifts()[pri:0, instance:com.hrms.testscripts.TC005Benifts@27216cd]" started-at="2023-09-14T02:22:19Z" name="benifts" finished-at="2023-09-14T02:23:25Z" duration-ms="66512" status="PASS">
          <reporter-output>
          </reporter-output>
        </test-method> <!-- benifts -->
      </class> <!-- com.hrms.testscripts.TC005Benifts -->
    </test> <!-- Nopackage -->
  </suite> <!-- Suite1 -->
</testng-results>
